[15:50:53:447] [ERROR] - Hello_boot.hello_boot(Hello_boot.java:16) - hahahah
[15:53:21:753] [ERROR] - Hello_boot.hello_boot(Hello_boot.java:15) - hahahah
[15:54:32:121] [ERROR] - Hello_boot.hello_boot(Hello_boot.java:15) - hahahah
[15:55:16:321] [ERROR] - Hello_boot.hello_boot(Hello_boot.java:16) - hahahah
[15:56:29:669] [ERROR] - Hello_boot.hello_boot(Hello_boot.java:16) - hahahah
[15:56:33:438] [ERROR] - org.apache.juli.logging.DirectJDKLog.log(DirectJDKLog.java:175) - Servlet.service() for servlet [dispatcherServlet] in context with path [] threw exception [Request processing failed; nested exception is java.lang.ArithmeticException: / by zero] with root cause
java.lang.ArithmeticException: / by zero
	at Hello_boot.testUnit(Hello_boot.java:23) ~[classes/:?]
	at sun.reflect.NativeMethodAccessorImpl.invoke0(Native Method) ~[?:1.8.0_65]
	at sun.reflect.NativeMethodAccessorImpl.invoke(NativeMethodAccessorImpl.java:62) ~[?:1.8.0_65]
	at sun.reflect.DelegatingMethodAccessorImpl.invoke(DelegatingMethodAccessorImpl.java:43) ~[?:1.8.0_65]
	at java.lang.reflect.Method.invoke(Method.java:497) ~[?:1.8.0_65]
	at org.springframework.web.method.support.InvocableHandlerMethod.doInvoke(InvocableHandlerMethod.java:189) ~[spring-web-5.1.3.RELEASE.jar:5.1.3.RELEASE]
	at org.springframework.web.method.support.InvocableHandlerMethod.invokeForRequest(InvocableHandlerMethod.java:138) ~[spring-web-5.1.3.RELEASE.jar:5.1.3.RELEASE]
	at org.springframework.web.servlet.mvc.method.annotation.ServletInvocableHandlerMethod.invokeAndHandle(ServletInvocableHandlerMethod.java:102) ~[spring-webmvc-5.1.3.RELEASE.jar:5.1.3.RELEASE]
	at org.springframework.web.servlet.mvc.method.annotation.RequestMappingHandlerAdapter.invokeHandlerMethod(RequestMappingHandlerAdapter.java:895) ~[spring-webmvc-5.1.3.RELEASE.jar:5.1.3.RELEASE]
	at org.springframework.web.servlet.mvc.method.annotation.RequestMappingHandlerAdapter.handleInternal(RequestMappingHandlerAdapter.java:800) ~[spring-webmvc-5.1.3.RELEASE.jar:5.1.3.RELEASE]
	at org.springframework.web.servlet.mvc.method.AbstractHandlerMethodAdapter.handle(AbstractHandlerMethodAdapter.java:87) ~[spring-webmvc-5.1.3.RELEASE.jar:5.1.3.RELEASE]
	at org.springframework.web.servlet.DispatcherServlet.doDispatch(DispatcherServlet.java:1038) ~[spring-webmvc-5.1.3.RELEASE.jar:5.1.3.RELEASE]
	at org.springframework.web.servlet.DispatcherServlet.doService(DispatcherServlet.java:942) ~[spring-webmvc-5.1.3.RELEASE.jar:5.1.3.RELEASE]
	at org.springframework.web.servlet.FrameworkServlet.processRequest(FrameworkServlet.java:1005) ~[spring-webmvc-5.1.3.RELEASE.jar:5.1.3.RELEASE]
	at org.springframework.web.servlet.FrameworkServlet.doGet(FrameworkServlet.java:897) ~[spring-webmvc-5.1.3.RELEASE.jar:5.1.3.RELEASE]
	at javax.servlet.http.HttpServlet.service(HttpServlet.java:634) ~[tomcat-embed-core-9.0.13.jar:9.0.13]
	at org.springframework.web.servlet.FrameworkServlet.service(FrameworkServlet.java:882) ~[spring-webmvc-5.1.3.RELEASE.jar:5.1.3.RELEASE]
	at javax.servlet.http.HttpServlet.service(HttpServlet.java:741) ~[tomcat-embed-core-9.0.13.jar:9.0.13]
	at org.apache.catalina.core.ApplicationFilterChain.internalDoFilter(ApplicationFilterChain.java:231) ~[tomcat-embed-core-9.0.13.jar:9.0.13]
	at org.apache.catalina.core.ApplicationFilterChain.doFilter(ApplicationFilterChain.java:166) ~[tomcat-embed-core-9.0.13.jar:9.0.13]
	at org.apache.tomcat.websocket.server.WsFilter.doFilter(WsFilter.java:53) ~[tomcat-embed-websocket-9.0.13.jar:9.0.13]
	at org.apache.catalina.core.ApplicationFilterChain.internalDoFilter(ApplicationFilterChain.java:193) ~[tomcat-embed-core-9.0.13.jar:9.0.13]
	at org.apache.catalina.core.ApplicationFilterChain.doFilter(ApplicationFilterChain.java:166) ~[tomcat-embed-core-9.0.13.jar:9.0.13]
	at com.alibaba.druid.support.http.WebStatFilter.doFilter(WebStatFilter.java:123) ~[druid-1.1.10.jar:1.1.10]
	at org.apache.catalina.core.ApplicationFilterChain.internalDoFilter(ApplicationFilterChain.java:193) ~[tomcat-embed-core-9.0.13.jar:9.0.13]
	at org.apache.catalina.core.ApplicationFilterChain.doFilter(ApplicationFilterChain.java:166) ~[tomcat-embed-core-9.0.13.jar:9.0.13]
	at org.springframework.web.filter.CharacterEncodingFilter.doFilterInternal(CharacterEncodingFilter.java:200) ~[spring-web-5.1.3.RELEASE.jar:5.1.3.RELEASE]
	at org.springframework.web.filter.OncePerRequestFilter.doFilter(OncePerRequestFilter.java:107) ~[spring-web-5.1.3.RELEASE.jar:5.1.3.RELEASE]
	at org.apache.catalina.core.ApplicationFilterChain.internalDoFilter(ApplicationFilterChain.java:193) ~[tomcat-embed-core-9.0.13.jar:9.0.13]
	at org.apache.catalina.core.ApplicationFilterChain.doFilter(ApplicationFilterChain.java:166) ~[tomcat-embed-core-9.0.13.jar:9.0.13]
	at org.apache.catalina.core.StandardWrapperValve.invoke(StandardWrapperValve.java:199) [tomcat-embed-core-9.0.13.jar:9.0.13]
	at org.apache.catalina.core.StandardContextValve.invoke(StandardContextValve.java:96) [tomcat-embed-core-9.0.13.jar:9.0.13]
	at org.apache.catalina.authenticator.AuthenticatorBase.invoke(AuthenticatorBase.java:490) [tomcat-embed-core-9.0.13.jar:9.0.13]
	at org.apache.catalina.core.StandardHostValve.invoke(StandardHostValve.java:139) [tomcat-embed-core-9.0.13.jar:9.0.13]
	at org.apache.catalina.valves.ErrorReportValve.invoke(ErrorReportValve.java:92) [tomcat-embed-core-9.0.13.jar:9.0.13]
	at org.apache.catalina.core.StandardEngineValve.invoke(StandardEngineValve.java:74) [tomcat-embed-core-9.0.13.jar:9.0.13]
	at org.apache.catalina.connector.CoyoteAdapter.service(CoyoteAdapter.java:343) [tomcat-embed-core-9.0.13.jar:9.0.13]
	at org.apache.coyote.http11.Http11Processor.service(Http11Processor.java:408) [tomcat-embed-core-9.0.13.jar:9.0.13]
	at org.apache.coyote.AbstractProcessorLight.process(AbstractProcessorLight.java:66) [tomcat-embed-core-9.0.13.jar:9.0.13]
	at org.apache.coyote.AbstractProtocol$ConnectionHandler.process(AbstractProtocol.java:791) [tomcat-embed-core-9.0.13.jar:9.0.13]
	at org.apache.tomcat.util.net.NioEndpoint$SocketProcessor.doRun(NioEndpoint.java:1417) [tomcat-embed-core-9.0.13.jar:9.0.13]
	at org.apache.tomcat.util.net.SocketProcessorBase.run(SocketProcessorBase.java:49) [tomcat-embed-core-9.0.13.jar:9.0.13]
	at java.util.concurrent.ThreadPoolExecutor.runWorker(ThreadPoolExecutor.java:1142) [?:1.8.0_65]
	at java.util.concurrent.ThreadPoolExecutor$Worker.run(ThreadPoolExecutor.java:617) [?:1.8.0_65]
	at org.apache.tomcat.util.threads.TaskThread$WrappingRunnable.run(TaskThread.java:61) [tomcat-embed-core-9.0.13.jar:9.0.13]
	at java.lang.Thread.run(Thread.java:745) [?:1.8.0_65]
[15:59:38:619] [ERROR] - Hello_boot.hello_boot(Hello_boot.java:16) - hahahah
[16:02:20:344] [ERROR] - Hello_boot.hello_boot(Hello_boot.java:16) - hahahah
[16:03:59:352] [ERROR] - Hello_boot.hello_boot(Hello_boot.java:16) - hahahah
[17:26:24:690] [ERROR] - Hello_boot.hello_boot(Hello_boot.java:16) - hahahah
[21:18:49:710] [ERROR] - com.example.zcpro.mainservice.controller.Hello_boot.hello_boot(Hello_boot.java:16) - hahahah
[21:18:51:433] [ERROR] - com.example.zcpro.mainservice.core.globalException.GlobalExceptionHanld.getGlobalRunTimeException(GlobalExceptionHanld.java:25) - filename: UserController.java;methodName: insertUser; lineNum:33 ; errorMessage:java.lang.ArithmeticException: / by zero
[21:19:09:752] [ERROR] - com.example.zcpro.mainservice.core.globalException.GlobalExceptionHanld.getGlobalRunTimeException(GlobalExceptionHanld.java:25) - filename: UserController.java;methodName: insertUser; lineNum:33 ; errorMessage:java.lang.ArithmeticException: / by zero
[21:19:15:288] [ERROR] - com.example.zcpro.mainservice.core.globalException.GlobalExceptionHanld.getGlobalRunTimeException(GlobalExceptionHanld.java:25) - filename: UserController.java;methodName: insertUser; lineNum:33 ; errorMessage:java.lang.ArithmeticException: / by zero
[21:19:26:856] [ERROR] - com.example.zcpro.mainservice.core.globalException.GlobalExceptionHanld.getGlobalRunTimeException(GlobalExceptionHanld.java:25) - filename: UserController.java;methodName: insertUser; lineNum:33 ; errorMessage:java.lang.ArithmeticException: / by zero
[21:22:37:357] [ERROR] - com.example.zcpro.mainservice.controller.Hello_boot.hello_boot(Hello_boot.java:16) - hahahah
[21:22:43:630] [ERROR] - com.example.zcpro.mainservice.core.globalException.GlobalExceptionHanld.getGlobalRunTimeException(GlobalExceptionHanld.java:25) - filename: AbstractFallbackSQLExceptionTranslator.java;methodName: translate; lineNum:89 ; errorMessage:org.springframework.jdbc.UncategorizedSQLException: 
### Error updating database.  Cause: org.postgresql.util.PSQLException: 错误: 不能在一个只读模式的事务中执行INSERT
### The error may involve com.example.zcpro.mainservice.dao.UserMapper.insertUser-Inline
### The error occurred while setting parameters
### SQL: INSERT INTO usertable          ( id,                                           username,                                           passWord )           values ( ?,                                           ?,                                           ? )
### Cause: org.postgresql.util.PSQLException: 错误: 不能在一个只读模式的事务中执行INSERT
; uncategorized SQLException; SQL state [25006]; error code [0]; 错误: 不能在一个只读模式的事务中执行INSERT; nested exception is org.postgresql.util.PSQLException: 错误: 不能在一个只读模式的事务中执行INSERT
[21:23:40:777] [ERROR] - com.example.zcpro.mainservice.controller.Hello_boot.hello_boot(Hello_boot.java:16) - hahahah
[21:23:45:768] [ERROR] - com.example.zcpro.mainservice.core.globalException.GlobalExceptionHanld.getGlobalRunTimeException(GlobalExceptionHanld.java:25) - filename: UserController.java;methodName: insertUser; lineNum:33 ; errorMessage:java.lang.ArithmeticException: / by zero
[21:25:09:315] [ERROR] - com.example.zcpro.mainservice.controller.Hello_boot.hello_boot(Hello_boot.java:16) - hahahah
[21:25:14:392] [ERROR] - com.example.zcpro.mainservice.core.globalException.GlobalExceptionHanld.getGlobalRunTimeException(GlobalExceptionHanld.java:25) - filename: UserController.java;methodName: insertUser; lineNum:33 ; errorMessage:java.lang.ArithmeticException: / by zero
[21:26:20:958] [ERROR] - com.example.zcpro.mainservice.controller.Hello_boot.hello_boot(Hello_boot.java:16) - hahahah
[21:26:26:522] [ERROR] - com.example.zcpro.mainservice.core.globalException.GlobalExceptionHanld.getGlobalRunTimeException(GlobalExceptionHanld.java:25) - filename: UserController.java;methodName: insertUser; lineNum:35 ; errorMessage:java.lang.ArithmeticException: / by zero
[21:45:33:048] [ERROR] - com.example.zcpro.mainservice.controller.Hello_boot.hello_boot(Hello_boot.java:16) - hahahah
[21:45:38:274] [ERROR] - com.example.zcpro.mainservice.core.globalException.GlobalExceptionHanld.getGlobalRunTimeException(GlobalExceptionHanld.java:25) - filename: UserServiceImpl.java;methodName: insertUser; lineNum:32 ; errorMessage:java.lang.ArithmeticException: / by zero
[21:46:09:410] [ERROR] - com.example.zcpro.mainservice.controller.Hello_boot.hello_boot(Hello_boot.java:16) - hahahah
[21:46:14:839] [ERROR] - com.example.zcpro.mainservice.core.globalException.GlobalExceptionHanld.getGlobalRunTimeException(GlobalExceptionHanld.java:25) - filename: UserServiceImpl.java;methodName: insertUser; lineNum:33 ; errorMessage:java.lang.ArithmeticException: / by zero
[21:46:15:541] [ERROR] - com.example.zcpro.mainservice.core.globalException.GlobalExceptionHanld.getGlobalRunTimeException(GlobalExceptionHanld.java:25) - filename: UserServiceImpl.java;methodName: insertUser; lineNum:33 ; errorMessage:java.lang.ArithmeticException: / by zero
